<?xml version="1.0" encoding="UTF-8"?>
<!-- Generated by org.testng.reporters.JUnitXMLReporter -->
<testsuite hostname="LAPTOP-VO3PD6LI" ignored="0" name="QATCs" tests="10" failures="2" timestamp="03 Jul 2018 16:56:15 GMT" time="123.865" errors="0">
  <testcase name="@AfterMethod screenCapture" time="0.087" classname="com.deltaX.QATCs.BasicScenarios">
    <failure type="org.openqa.selenium.NoSuchWindowException" message="no such window: target window already closed
from unknown error: web view not found
  (Session info: chrome=67.0.3396.99)
  (Driver info: chromedriver=2.38.552522 (437e6fbedfa8762dec75e2c5b3ddb86763dc9dcb),platform=Windows NT 10.0.17134 x86_64) (WARNING: The server did not provide any stacktrace information)
Command duration or timeout: 0 milliseconds
Build info: version: &amp;apos;3.12.0&amp;apos;, revision: &amp;apos;7c6e0b3&amp;apos;, time: &amp;apos;2018-05-08T15:15:08.936Z&amp;apos;
System info: host: &amp;apos;LAPTOP-VO3PD6LI&amp;apos;, ip: &amp;apos;192.168.0.102&amp;apos;, os.name: &amp;apos;Windows 10&amp;apos;, os.arch: &amp;apos;amd64&amp;apos;, os.version: &amp;apos;10.0&amp;apos;, java.version: &amp;apos;1.8.0_171&amp;apos;
Driver info: org.openqa.selenium.chrome.ChromeDriver
Capabilities {acceptInsecureCerts: false, acceptSslCerts: false, applicationCacheEnabled: false, browserConnectionEnabled: false, browserName: chrome, chrome: {chromedriverVersion: 2.38.552522 (437e6fbedfa876..., userDataDir: C:\Users\ABHINA~1\AppData\L...}, cssSelectorsEnabled: true, databaseEnabled: false, handlesAlerts: true, hasTouchScreen: false, javascriptEnabled: true, locationContextEnabled: true, mobileEmulationEnabled: false, nativeEvents: true, networkConnectionEnabled: false, pageLoadStrategy: normal, platform: XP, platformName: XP, rotatable: false, setWindowRect: true, takesHeapSnapshot: true, takesScreenshot: true, unexpectedAlertBehaviour: , unhandledPromptBehavior: , version: 67.0.3396.99, webStorageEnabled: true}
Session ID: 75251cafa3590ed546ef224967455c2f">
      <![CDATA[org.openqa.selenium.NoSuchWindowException: no such window: target window already closed
from unknown error: web view not found
  (Session info: chrome=67.0.3396.99)
  (Driver info: chromedriver=2.38.552522 (437e6fbedfa8762dec75e2c5b3ddb86763dc9dcb),platform=Windows NT 10.0.17134 x86_64) (WARNING: The server did not provide any stacktrace information)
Command duration or timeout: 0 milliseconds
Build info: version: '3.12.0', revision: '7c6e0b3', time: '2018-05-08T15:15:08.936Z'
System info: host: 'LAPTOP-VO3PD6LI', ip: '192.168.0.102', os.name: 'Windows 10', os.arch: 'amd64', os.version: '10.0', java.version: '1.8.0_171'
Driver info: org.openqa.selenium.chrome.ChromeDriver
Capabilities {acceptInsecureCerts: false, acceptSslCerts: false, applicationCacheEnabled: false, browserConnectionEnabled: false, browserName: chrome, chrome: {chromedriverVersion: 2.38.552522 (437e6fbedfa876..., userDataDir: C:\Users\ABHINA~1\AppData\L...}, cssSelectorsEnabled: true, databaseEnabled: false, handlesAlerts: true, hasTouchScreen: false, javascriptEnabled: true, locationContextEnabled: true, mobileEmulationEnabled: false, nativeEvents: true, networkConnectionEnabled: false, pageLoadStrategy: normal, platform: XP, platformName: XP, rotatable: false, setWindowRect: true, takesHeapSnapshot: true, takesScreenshot: true, unexpectedAlertBehaviour: , unhandledPromptBehavior: , version: 67.0.3396.99, webStorageEnabled: true}
Session ID: 75251cafa3590ed546ef224967455c2f
at org.openqa.selenium.remote.ErrorHandler.createThrowable(ErrorHandler.java:214)
at org.openqa.selenium.remote.ErrorHandler.throwIfResponseFailed(ErrorHandler.java:166)
at org.openqa.selenium.remote.http.JsonHttpResponseCodec.reconstructValue(JsonHttpResponseCodec.java:40)
at org.openqa.selenium.remote.http.AbstractHttpResponseCodec.decode(AbstractHttpResponseCodec.java:80)
at org.openqa.selenium.remote.http.AbstractHttpResponseCodec.decode(AbstractHttpResponseCodec.java:44)
at org.openqa.selenium.remote.HttpCommandExecutor.execute(HttpCommandExecutor.java:158)
at org.openqa.selenium.remote.service.DriverCommandExecutor.execute(DriverCommandExecutor.java:83)
at org.openqa.selenium.remote.RemoteWebDriver.execute(RemoteWebDriver.java:543)
at org.openqa.selenium.remote.RemoteWebDriver.execute(RemoteWebDriver.java:600)
at org.openqa.selenium.remote.RemoteWebDriver.getScreenshotAs(RemoteWebDriver.java:289)
at commonLibs.implementation.TakeScreenshot.captureAndSaveScreenshot(TakeScreenshot.java:43)
at com.deltaX.QATCs.BasicScenarios.screenCapture(BasicScenarios.java:115)
... Removed 32 stack frames]]>
    </failure>
  </testcase> <!-- @AfterMethod screenCapture -->
  <testcase name="registerUserWithValidData" time="3.565" classname="com.deltaX.QATCs.RegisterationFormTestNG"/>
  <testcase name="registerUserWithInvalidFirstname" time="3.17" classname="com.deltaX.QATCs.RegisterationFormTestNG"/>
  <testcase name="registerUserWithInvalidLastname" time="3.096" classname="com.deltaX.QATCs.RegisterationFormTestNG"/>
  <testcase name="registerUserWithInvalidUsername" time="3.277" classname="com.deltaX.QATCs.RegisterationFormTestNG"/>
  <testcase name="registerUserWithInvalidPassword" time="3.27" classname="com.deltaX.QATCs.RegisterationFormTestNG"/>
  <testcase name="registerUserWithInvalidConfirmPassword" time="4.122" classname="com.deltaX.QATCs.RegisterationFormTestNG">
    <failure type="java.lang.AssertionError" message="null">
      <![CDATA[java.lang.AssertionError: null
at com.deltaX.QATCs.RegisterationFormTestNG.registerUserWithInvalidConfirmPassword(RegisterationFormTestNG.java:292)
... Removed 27 stack frames]]>
    </failure>
  </testcase> <!-- registerUserWithInvalidConfirmPassword -->
  <testcase name="registerUserWithNoEmailID" time="2.866" classname="com.deltaX.QATCs.RegisterationFormTestNG"/>
  <testcase name="registerUserWithNoContactNo" time="4.246" classname="com.deltaX.QATCs.RegisterationFormTestNG"/>
  <testcase name="registerUserWithNoDeptValue" time="3.714" classname="com.deltaX.QATCs.RegisterationFormTestNG"/>
  <testcase name="registerUserWithInvalidPhone" time="19.594" classname="com.deltaX.QATCs.RegisterationFormTestNG">
    <failure type="java.lang.AssertionError" message="null">
      <![CDATA[java.lang.AssertionError: null
at com.deltaX.QATCs.RegisterationFormTestNG.registerUserWithInvalidPhone(RegisterationFormTestNG.java:482)
... Removed 27 stack frames]]>
    </failure>
  </testcase> <!-- registerUserWithInvalidPhone -->
</testsuite> <!-- QATCs -->
